09:17:46.238 [AWT-EventQueue-0] INFO  c.b.actions.EnableBrowserStack - Setting enable browserstack run update
09:17:46.251 [AWT-EventQueue-0] INFO  c.b.actions.DisableBrowserStack - Setting disable browserstack run update
09:17:52.807 [AWT-EventQueue-0] INFO  c.b.actions.EnableBrowserStack - Setting enable browserstack run update
09:17:52.829 [AWT-EventQueue-0] INFO  c.b.actions.DisableBrowserStack - Setting disable browserstack run update
09:18:13.144 [AWT-EventQueue-0] INFO  c.b.actions.DisableBrowserStack - Setting disable browserstack run update
09:18:13.149 [AWT-EventQueue-0] INFO  c.b.actions.EnableBrowserStack - Setting enable browserstack run update
09:18:21.372 [AWT-EventQueue-0] INFO  c.b.actions.DisableBrowserStack - Setting disable browserstack run update
09:18:21.590 [AWT-EventQueue-0] INFO  c.b.actions.EnableBrowserStack - Setting enable browserstack run update
09:18:22.140 [AWT-EventQueue-0] INFO  c.b.actions.DisableBrowserStack - Setting disable browserstack run update
09:18:22.148 [AWT-EventQueue-0] INFO  c.b.actions.EnableBrowserStack - Setting enable browserstack run update
09:20:46.433 [AWT-EventQueue-0] INFO  c.b.launchers.LaunchMavenCommand - Integrate source: junit4:appium-intellij:v1.1.6
09:20:46.434 [AWT-EventQueue-0] INFO  c.b.launchers.LaunchMavenCommand - Executing maven archetype command - browserstack-sdk-archetype-integrate
09:22:18.046 [AWT-EventQueue-0] INFO  c.b.actions.DisableBrowserStack - Setting disable browserstack run update
09:22:18.052 [AWT-EventQueue-0] INFO  c.b.actions.EnableBrowserStack - Setting enable browserstack run update
09:23:55.628 [AWT-EventQueue-0] INFO  c.b.launchers.LaunchMavenCommand - Integrate source: junit4:appium-intellij:v1.1.6
09:23:55.628 [AWT-EventQueue-0] INFO  c.b.launchers.LaunchMavenCommand - Executing maven archetype command - browserstack-sdk-archetype-integrate
09:25:08.262 [AWT-EventQueue-0] INFO  c.b.actions.EnableBrowserStack - Setting enable browserstack run update
09:25:08.268 [AWT-EventQueue-0] INFO  c.b.actions.DisableBrowserStack - Setting disable browserstack run update
09:25:44.202 [AWT-EventQueue-0] INFO  c.b.launchers.LaunchMavenCommand - Integrate source: junit4:appium-intellij:v1.1.6
09:25:44.202 [AWT-EventQueue-0] INFO  c.b.launchers.LaunchMavenCommand - Executing maven archetype command - browserstack-sdk-archetype-integrate
09:25:44.614 [ApplicationImpl pooled thread 19] INFO  c.b.l.BrowserStackRunExtension - maven
09:25:44.614 [ApplicationImpl pooled thread 19] INFO  com.browserstack.utils.Helpers - null
09:26:16.516 [java.exe] INFO  c.b.launchers.LaunchMavenCommand - Completed maven archetype command
09:27:33.498 [AWT-EventQueue-0] INFO  c.b.l.BrowserStackRunExtension - gradle
09:27:33.498 [AWT-EventQueue-0] INFO  com.browserstack.utils.Helpers - true
09:47:42.976 [AWT-EventQueue-0] INFO  c.b.actions.DisableBrowserStack - Setting disable browserstack run update
09:47:43.018 [AWT-EventQueue-0] INFO  c.b.actions.EnableBrowserStack - Setting enable browserstack run update
